
x= #alpha_{int} [deg] ,  y= D(#alpha_{int}) [M_{#odot} kpc^{-2}]
     x       y_pdf_median |   CL_lo_PDF   CL_up_PDF
                          |          68.0% CL         |          95.0% CL          
1.000000e-02 6.177158e+01 | 3.251648e+01 1.586500e+02 | 1.873115e+01 7.104193e+02  
1.193777e-02 8.564122e+01 | 4.534688e+01 2.265942e+02 | 2.619566e+01 1.021599e+03  
1.425103e-02 1.191861e+02 | 6.286704e+01 3.210418e+02 | 3.587448e+01 1.471666e+03  
1.701254e-02 1.649870e+02 | 8.781202e+01 4.575800e+02 | 4.922712e+01 2.077350e+03  
2.030918e-02 2.275822e+02 | 1.217352e+02 6.536829e+02 | 6.776867e+01 2.977809e+03  
2.424462e-02 3.143376e+02 | 1.658604e+02 9.216129e+02 | 9.258822e+01 4.177415e+03  
2.894266e-02 4.275812e+02 | 2.248075e+02 1.312160e+03 | 1.237121e+02 5.999467e+03  
3.455107e-02 5.826219e+02 | 3.023232e+02 1.851175e+03 | 1.713319e+02 8.506061e+03  
4.124626e-02 7.963671e+02 | 4.045030e+02 2.633998e+03 | 2.306837e+02 1.234403e+04  
4.923883e-02 1.085073e+03 | 5.286331e+02 3.710712e+03 | 2.995452e+02 1.746049e+04  
5.878016e-02 1.448992e+03 | 6.921292e+02 5.230239e+03 | 4.017849e+02 2.489742e+04  
7.017038e-02 1.948263e+03 | 9.051507e+02 7.363760e+03 | 5.256208e+02 3.549279e+04  
8.376776e-02 2.600422e+03 | 1.150959e+03 1.035139e+04 | 6.623087e+02 4.976957e+04  
1.000000e-01 3.429376e+03 | 1.445667e+03 1.459671e+04 | 8.178703e+02 7.236581e+04  
1.193777e-01 4.497021e+03 | 1.793667e+03 2.015630e+04 | 9.722892e+02 1.023039e+05  
1.425103e-01 5.866998e+03 | 2.186164e+03 2.798583e+04 | 1.117118e+03 1.442634e+05  
1.701254e-01 7.605433e+03 | 2.640619e+03 3.891396e+04 | 1.271945e+03 2.049858e+05  
2.030918e-01 9.744476e+03 | 3.143704e+03 5.394888e+04 | 1.391765e+03 2.929315e+05  
2.424462e-01 1.227231e+04 | 3.691617e+03 7.438227e+04 | 1.575064e+03 4.229362e+05  
2.894266e-01 1.518936e+04 | 4.244723e+03 1.017753e+05 | 1.717673e+03 5.965879e+05  
3.455107e-01 1.936594e+04 | 4.880912e+03 1.381227e+05 | 1.847968e+03 8.445044e+05  
4.124626e-01 2.395775e+04 | 5.506346e+03 1.926324e+05 | 1.962190e+03 1.191940e+06  
4.923883e-01 2.939734e+04 | 6.157899e+03 2.577987e+05 | 2.033303e+03 1.703438e+06  
5.878016e-01 3.587597e+04 | 6.683502e+03 3.532572e+05 | 2.155372e+03 2.378955e+06  
7.017038e-01 4.339752e+04 | 7.139899e+03 4.780780e+05 | 2.186975e+03 3.361412e+06  
8.376776e-01 5.146251e+04 | 7.446375e+03 6.285930e+05 | 2.214150e+03 4.775907e+06  
1.000000e+00 5.938151e+04 | 7.815482e+03 8.254559e+05 | 2.233589e+03 6.704540e+06  
1.193777e+00 6.823515e+04 | 7.991795e+03 1.066661e+06 | 2.176634e+03 9.357939e+06  
1.425103e+00 7.420469e+04 | 8.107089e+03 1.411417e+06 | 2.224735e+03 1.286473e+07  
1.701254e+00 8.176791e+04 | 8.121437e+03 1.756523e+06 | 2.215043e+03 1.829866e+07  
2.030918e+00 9.042439e+04 | 8.158332e+03 2.249399e+06 | 2.121079e+03 2.442095e+07  
2.424462e+00 9.782512e+04 | 8.190905e+03 2.838372e+06 | 2.172809e+03 3.384955e+07  
2.894266e+00 1.037968e+05 | 8.159643e+03 3.515054e+06 | 2.240778e+03 4.651857e+07  
3.455107e+00 1.090769e+05 | 8.139605e+03 4.219122e+06 | 2.181449e+03 6.177655e+07  
4.124626e+00 1.113000e+05 | 8.121306e+03 4.994400e+06 | 2.254208e+03 8.028932e+07  
4.923883e+00 1.117229e+05 | 8.161447e+03 6.005383e+06 | 2.259109e+03 1.041338e+08  
5.878016e+00 1.130221e+05 | 8.170729e+03 7.017816e+06 | 2.130187e+03 1.342701e+08  
7.017038e+00 1.120638e+05 | 8.150034e+03 8.151612e+06 | 2.190078e+03 1.730174e+08  
8.376776e+00 1.128866e+05 | 8.179456e+03 9.470510e+06 | 2.199498e+03 2.145467e+08  
1.000000e+01 1.135984e+05 | 8.151819e+03 1.088992e+07 | 2.223812e+03 2.484019e+08  
