1.000000e-02 1.761574e+11 4.379566e+10 5.958020e+11 1.138464e+10 2.342002e+12  
1.193777e-02 2.384281e+11 6.006546e+10 7.944655e+11 1.604772e+10 2.757798e+12  
1.425103e-02 3.109054e+11 8.224500e+10 1.049781e+12 2.241294e+10 3.333787e+12  
1.701254e-02 4.118192e+11 1.137973e+11 1.307296e+12 3.164416e+10 4.035571e+12  
2.030918e-02 5.269721e+11 1.507200e+11 1.654189e+12 4.383530e+10 5.129743e+12  
2.424462e-02 6.792961e+11 1.976948e+11 2.079880e+12 5.995836e+10 6.915362e+12  
2.894266e-02 8.851173e+11 2.584965e+11 2.623576e+12 7.868243e+10 9.397381e+12  
3.455107e-02 1.119961e+12 3.375764e+11 3.339189e+12 1.042712e+11 1.176906e+13  
4.124626e-02 1.381084e+12 4.249006e+11 4.242281e+12 1.369353e+11 1.628791e+13  
4.923883e-02 1.664147e+12 5.318850e+11 5.398760e+12 1.780447e+11 2.250495e+13  
5.878016e-02 2.010576e+12 6.518879e+11 6.967469e+12 2.220909e+11 3.161396e+13  
7.017038e-02 2.407823e+12 7.855730e+11 8.754773e+12 2.782339e+11 4.453253e+13  
8.376776e-02 2.907100e+12 9.379018e+11 1.093241e+13 3.314893e+11 6.080786e+13  
1.000000e-01 3.347886e+12 1.113090e+12 1.402616e+13 3.841304e+11 8.516132e+13  
1.193777e-01 4.025228e+12 1.265970e+12 1.737826e+13 4.284457e+11 1.187625e+14  
1.425103e-01 4.532224e+12 1.433618e+12 2.217162e+13 4.519829e+11 1.719616e+14  
1.701254e-01 5.194641e+12 1.517267e+12 2.931267e+13 5.104223e+11 2.352256e+14  
2.030918e-01 5.805004e+12 1.613738e+12 3.939887e+13 5.720165e+11 3.471392e+14  
2.424462e-01 6.342321e+12 1.713510e+12 5.225147e+13 6.103275e+11 4.666497e+14  
2.894266e-01 6.962274e+12 1.809718e+12 6.681473e+13 5.997413e+11 6.549489e+14  
3.455107e-01 7.485275e+12 1.910913e+12 8.009222e+13 6.237490e+11 8.836246e+14  
4.124626e-01 7.940056e+12 1.953102e+12 9.955288e+13 6.439384e+11 1.248189e+15  
4.923883e-01 8.317588e+12 1.978384e+12 1.274548e+14 6.482084e+11 1.733065e+15  
5.878016e-01 8.780664e+12 2.030381e+12 1.487418e+14 6.507608e+11 2.391424e+15  
7.017038e-01 9.265494e+12 2.035429e+12 1.728319e+14 6.531108e+11 3.110056e+15  
8.376776e-01 9.579363e+12 2.047737e+12 1.985373e+14 6.486444e+11 4.335467e+15  
1.000000e+00 9.955200e+12 2.073401e+12 2.321148e+14 6.593805e+11 5.832378e+15  
1.193777e+00 1.001655e+13 2.071728e+12 2.780677e+14 6.469656e+11 7.686944e+15  
1.425103e+00 1.006657e+13 2.091453e+12 3.130258e+14 6.644704e+11 1.031806e+16  
1.701254e+00 1.009921e+13 2.079220e+12 3.542440e+14 6.594477e+11 1.270321e+16  
2.030918e+00 1.031926e+13 2.097357e+12 3.833974e+14 6.488626e+11 1.626859e+16  
2.424462e+00 1.038288e+13 2.118733e+12 4.110363e+14 6.552460e+11 2.111142e+16  
2.894266e+00 1.035972e+13 2.079029e+12 4.393147e+14 6.622715e+11 2.677702e+16  
3.455107e+00 1.043596e+13 2.086349e+12 4.613785e+14 6.687076e+11 3.312205e+16  
4.124626e+00 1.032245e+13 2.083922e+12 4.764818e+14 6.664152e+11 3.694604e+16  
4.923883e+00 1.039663e+13 2.089370e+12 4.954527e+14 6.678710e+11 4.214269e+16  
5.878016e+00 1.042187e+13 2.112425e+12 5.038433e+14 6.744720e+11 4.757977e+16  
7.017038e+00 1.043360e+13 2.106538e+12 5.131516e+14 6.735029e+11 5.235669e+16  
8.376776e+00 1.038122e+13 2.106004e+12 5.155051e+14 6.711226e+11 5.541274e+16  
1.000000e+01 1.039545e+13 2.104764e+12 5.094323e+14 6.727468e+11 6.106127e+16  
